2026-06-18T09:43:20.175+09:00  INFO 8868 --- [ch04] [restartedMain] org.example.ch04.Ch04Application         : Starting Ch04Application using Java 21.0.11 with PID 8868 (C:\Users\GGG\Desktop\Workspace\spirng\ch04\build\classes\java\main started by GGG in C:\Users\GGG\Desktop\Workspace\spirng\ch04)
2026-06-18T09:43:20.176+09:00  INFO 8868 --- [ch04] [restartedMain] org.example.ch04.Ch04Application         : No active profile set, falling back to 1 default profile: "default"
2026-06-18T09:43:20.487+09:00  INFO 8868 --- [ch04] [restartedMain] o.s.b.w.embedded.tomcat.TomcatWebServer  : Tomcat initialized with port 8080 (http)
2026-06-18T09:43:20.488+09:00  INFO 8868 --- [ch04] [restartedMain] o.apache.catalina.core.StandardService   : Starting service [Tomcat]
2026-06-18T09:43:20.489+09:00  INFO 8868 --- [ch04] [restartedMain] o.apache.catalina.core.StandardEngine    : Starting Servlet engine: [Apache Tomcat/10.1.55]
2026-06-18T09:43:20.505+09:00  INFO 8868 --- [ch04] [restartedMain] o.a.c.c.C.[Tomcat].[localhost].[/ch04]   : Initializing Spring embedded WebApplicationContext
2026-06-18T09:43:20.506+09:00  INFO 8868 --- [ch04] [restartedMain] w.s.c.ServletWebServerApplicationContext : Root WebApplicationContext: initialization completed in 328 ms
2026-06-18T09:43:20.553+09:00  INFO 8868 --- [ch04] [restartedMain] o.s.b.a.w.s.WelcomePageHandlerMapping    : Adding welcome page template: index
2026-06-18T09:43:20.602+09:00  INFO 8868 --- [ch04] [restartedMain] o.s.b.d.a.OptionalLiveReloadServer       : LiveReload server is running on port 35729
2026-06-18T09:43:20.609+09:00  INFO 8868 --- [ch04] [restartedMain] o.s.b.w.embedded.tomcat.TomcatWebServer  : Tomcat started on port 8080 (http) with context path '/ch04'
2026-06-18T09:43:20.612+09:00  INFO 8868 --- [ch04] [restartedMain] org.example.ch04.Ch04Application         : Started Ch04Application in 0.465 seconds (process running for 231.381)
2026-06-18T09:43:20.613+09:00  INFO 8868 --- [ch04] [restartedMain] .ConditionEvaluationDeltaLoggingListener : Condition evaluation unchanged
2026-06-18T09:43:22.033+09:00  INFO 8868 --- [ch04] [File Watcher] rtingClassPathChangeChangedEventListener : Restarting due to 7 class path changes (1 addition, 0 deletions, 6 modifications)
2026-06-18T09:43:22.034+09:00  INFO 8868 --- [ch04] [Thread-7] o.s.b.w.e.tomcat.GracefulShutdown        : Commencing graceful shutdown. Waiting for active requests to complete
2026-06-18T09:43:22.037+09:00  INFO 8868 --- [ch04] [tomcat-shutdown] o.s.b.w.e.tomcat.GracefulShutdown        : Graceful shutdown complete
2026-06-18T09:43:22.111+09:00  INFO 8868 --- [ch04] [restartedMain] org.example.ch04.Ch04Application         : Starting Ch04Application using Java 21.0.11 with PID 8868 (C:\Users\GGG\Desktop\Workspace\spirng\ch04\build\classes\java\main started by GGG in C:\Users\GGG\Desktop\Workspace\spirng\ch04)
2026-06-18T09:43:22.111+09:00  INFO 8868 --- [ch04] [restartedMain] org.example.ch04.Ch04Application         : No active profile set, falling back to 1 default profile: "default"
2026-06-18T09:43:22.340+09:00  INFO 8868 --- [ch04] [restartedMain] o.s.b.w.embedded.tomcat.TomcatWebServer  : Tomcat initialized with port 8080 (http)
2026-06-18T09:43:22.340+09:00  INFO 8868 --- [ch04] [restartedMain] o.apache.catalina.core.StandardService   : Starting service [Tomcat]
2026-06-18T09:43:22.340+09:00  INFO 8868 --- [ch04] [restartedMain] o.apache.catalina.core.StandardEngine    : Starting Servlet engine: [Apache Tomcat/10.1.55]
2026-06-18T09:43:22.356+09:00  INFO 8868 --- [ch04] [restartedMain] o.a.c.c.C.[Tomcat].[localhost].[/ch04]   : Initializing Spring embedded WebApplicationContext
2026-06-18T09:43:22.356+09:00  INFO 8868 --- [ch04] [restartedMain] w.s.c.ServletWebServerApplicationContext : Root WebApplicationContext: initialization completed in 243 ms
2026-06-18T09:43:22.396+09:00  INFO 8868 --- [ch04] [restartedMain] o.s.b.a.w.s.WelcomePageHandlerMapping    : Adding welcome page template: index
2026-06-18T09:43:22.440+09:00  INFO 8868 --- [ch04] [restartedMain] o.s.b.d.a.OptionalLiveReloadServer       : LiveReload server is running on port 35729
2026-06-18T09:43:22.448+09:00  INFO 8868 --- [ch04] [restartedMain] o.s.b.w.embedded.tomcat.TomcatWebServer  : Tomcat started on port 8080 (http) with context path '/ch04'
2026-06-18T09:43:22.451+09:00  INFO 8868 --- [ch04] [restartedMain] org.example.ch04.Ch04Application         : Started Ch04Application in 0.369 seconds (process running for 233.22)
2026-06-18T09:43:22.451+09:00  INFO 8868 --- [ch04] [restartedMain] .ConditionEvaluationDeltaLoggingListener : Condition evaluation unchanged
2026-06-18T09:43:44.206+09:00  INFO 8868 --- [ch04] [http-nio-8080-exec-1] o.a.c.c.C.[Tomcat].[localhost].[/ch04]   : Initializing Spring DispatcherServlet 'dispatcherServlet'
2026-06-18T09:43:44.206+09:00  INFO 8868 --- [ch04] [http-nio-8080-exec-1] o.s.web.servlet.DispatcherServlet        : Initializing Servlet 'dispatcherServlet'
2026-06-18T09:43:44.207+09:00  INFO 8868 --- [ch04] [http-nio-8080-exec-1] o.s.web.servlet.DispatcherServlet        : Completed initialization in 1 ms
2026-06-18T09:43:44.218+09:00  INFO 8868 --- [ch04] [http-nio-8080-exec-1] com.zaxxer.hikari.HikariDataSource       : HikariPool-2 - Starting...
2026-06-18T09:43:44.229+09:00  INFO 8868 --- [ch04] [http-nio-8080-exec-1] com.zaxxer.hikari.pool.HikariPool        : HikariPool-2 - Added connection com.mysql.cj.jdbc.ConnectionImpl@57201b27
2026-06-18T09:43:44.230+09:00  INFO 8868 --- [ch04] [http-nio-8080-exec-1] com.zaxxer.hikari.HikariDataSource       : HikariPool-2 - Start completed.
2026-06-18T09:47:41.145+09:00  INFO 8868 --- [ch04] [File Watcher] rtingClassPathChangeChangedEventListener : Restarting due to 1 class path change (0 additions, 0 deletions, 1 modification)
2026-06-18T09:47:41.146+09:00  INFO 8868 --- [ch04] [Thread-11] o.s.b.w.e.tomcat.GracefulShutdown        : Commencing graceful shutdown. Waiting for active requests to complete
2026-06-18T09:47:41.148+09:00  INFO 8868 --- [ch04] [tomcat-shutdown] o.s.b.w.e.tomcat.GracefulShutdown        : Graceful shutdown complete
2026-06-18T09:47:41.151+09:00  INFO 8868 --- [ch04] [Thread-11] com.zaxxer.hikari.HikariDataSource       : HikariPool-2 - Shutdown initiated...
2026-06-18T09:47:41.154+09:00  INFO 8868 --- [ch04] [Thread-11] com.zaxxer.hikari.HikariDataSource       : HikariPool-2 - Shutdown completed.
2026-06-18T09:47:41.216+09:00  INFO 8868 --- [ch04] [restartedMain] org.example.ch04.Ch04Application         : Starting Ch04Application using Java 21.0.11 with PID 8868 (C:\Users\GGG\Desktop\Workspace\spirng\ch04\build\classes\java\main started by GGG in C:\Users\GGG\Desktop\Workspace\spirng\ch04)
2026-06-18T09:47:41.216+09:00  INFO 8868 --- [ch04] [restartedMain] org.example.ch04.Ch04Application         : No active profile set, falling back to 1 default profile: "default"
2026-06-18T09:47:41.436+09:00  INFO 8868 --- [ch04] [restartedMain] o.s.b.w.embedded.tomcat.TomcatWebServer  : Tomcat initialized with port 8080 (http)
2026-06-18T09:47:41.437+09:00  INFO 8868 --- [ch04] [restartedMain] o.apache.catalina.core.StandardService   : Starting service [Tomcat]
2026-06-18T09:47:41.437+09:00  INFO 8868 --- [ch04] [restartedMain] o.apache.catalina.core.StandardEngine    : Starting Servlet engine: [Apache Tomcat/10.1.55]
2026-06-18T09:47:41.453+09:00  INFO 8868 --- [ch04] [restartedMain] o.a.c.c.C.[Tomcat].[localhost].[/ch04]   : Initializing Spring embedded WebApplicationContext
2026-06-18T09:47:41.453+09:00  INFO 8868 --- [ch04] [restartedMain] w.s.c.ServletWebServerApplicationContext : Root WebApplicationContext: initialization completed in 235 ms
2026-06-18T09:47:41.489+09:00  INFO 8868 --- [ch04] [restartedMain] o.s.b.a.w.s.WelcomePageHandlerMapping    : Adding welcome page template: index
2026-06-18T09:47:41.532+09:00  INFO 8868 --- [ch04] [restartedMain] o.s.b.d.a.OptionalLiveReloadServer       : LiveReload server is running on port 35729
2026-06-18T09:47:41.540+09:00  INFO 8868 --- [ch04] [restartedMain] o.s.b.w.embedded.tomcat.TomcatWebServer  : Tomcat started on port 8080 (http) with context path '/ch04'
2026-06-18T09:47:41.543+09:00  INFO 8868 --- [ch04] [restartedMain] org.example.ch04.Ch04Application         : Started Ch04Application in 0.351 seconds (process running for 492.312)
2026-06-18T09:47:41.543+09:00  INFO 8868 --- [ch04] [restartedMain] .ConditionEvaluationDeltaLoggingListener : Condition evaluation unchanged
2026-06-18T12:22:23.947+09:00  INFO 8868 --- [ch04] [File Watcher] rtingClassPathChangeChangedEventListener : Restarting due to 1 class path change (0 additions, 1 deletion, 0 modifications)
2026-06-18T12:22:23.949+09:00  INFO 8868 --- [ch04] [Thread-15] o.s.b.w.e.tomcat.GracefulShutdown        : Commencing graceful shutdown. Waiting for active requests to complete
2026-06-18T12:22:23.952+09:00  INFO 8868 --- [ch04] [tomcat-shutdown] o.s.b.w.e.tomcat.GracefulShutdown        : Graceful shutdown complete
2026-06-18T12:22:24.045+09:00  INFO 8868 --- [ch04] [restartedMain] org.example.ch04.Ch04Application         : Starting Ch04Application using Java 21.0.11 with PID 8868 (C:\Users\GGG\Desktop\Workspace\spirng\ch04\build\classes\java\main started by GGG in C:\Users\GGG\Desktop\Workspace\spirng\ch04)
2026-06-18T12:22:24.045+09:00  INFO 8868 --- [ch04] [restartedMain] org.example.ch04.Ch04Application         : No active profile set, falling back to 1 default profile: "default"
2026-06-18T12:22:24.419+09:00  INFO 8868 --- [ch04] [restartedMain] o.s.b.w.embedded.tomcat.TomcatWebServer  : Tomcat initialized with port 8080 (http)
2026-06-18T12:22:24.421+09:00  INFO 8868 --- [ch04] [restartedMain] o.apache.catalina.core.StandardService   : Starting service [Tomcat]
2026-06-18T12:22:24.422+09:00  INFO 8868 --- [ch04] [restartedMain] o.apache.catalina.core.StandardEngine    : Starting Servlet engine: [Apache Tomcat/10.1.55]
2026-06-18T12:22:24.441+09:00  INFO 8868 --- [ch04] [restartedMain] o.a.c.c.C.[Tomcat].[localhost].[/ch04]   : Initializing Spring embedded WebApplicationContext
2026-06-18T12:22:24.441+09:00  INFO 8868 --- [ch04] [restartedMain] w.s.c.ServletWebServerApplicationContext : Root WebApplicationContext: initialization completed in 393 ms
2026-06-18T12:22:24.494+09:00  INFO 8868 --- [ch04] [restartedMain] o.s.b.a.w.s.WelcomePageHandlerMapping    : Adding welcome page template: index
2026-06-18T12:22:24.561+09:00  INFO 8868 --- [ch04] [restartedMain] o.s.b.d.a.OptionalLiveReloadServer       : LiveReload server is running on port 35729
2026-06-18T12:22:24.571+09:00  INFO 8868 --- [ch04] [restartedMain] o.s.b.w.embedded.tomcat.TomcatWebServer  : Tomcat started on port 8080 (http) with context path '/ch04'
2026-06-18T12:22:24.574+09:00  INFO 8868 --- [ch04] [restartedMain] org.example.ch04.Ch04Application         : Started Ch04Application in 0.566 seconds (process running for 9775.344)
2026-06-18T12:22:24.575+09:00  INFO 8868 --- [ch04] [restartedMain] .ConditionEvaluationDeltaLoggingListener : Condition evaluation unchanged
2026-06-18T12:22:25.976+09:00  INFO 8868 --- [ch04] [File Watcher] rtingClassPathChangeChangedEventListener : Restarting due to 1 class path change (1 addition, 0 deletions, 0 modifications)
2026-06-18T12:22:25.976+09:00  INFO 8868 --- [ch04] [Thread-19] o.s.b.w.e.tomcat.GracefulShutdown        : Commencing graceful shutdown. Waiting for active requests to complete
2026-06-18T12:22:25.979+09:00  INFO 8868 --- [ch04] [tomcat-shutdown] o.s.b.w.e.tomcat.GracefulShutdown        : Graceful shutdown complete
2026-06-18T12:22:26.048+09:00  INFO 8868 --- [ch04] [restartedMain] org.example.ch04.Ch04Application         : Starting Ch04Application using Java 21.0.11 with PID 8868 (C:\Users\GGG\Desktop\Workspace\spirng\ch04\build\classes\java\main started by GGG in C:\Users\GGG\Desktop\Workspace\spirng\ch04)
2026-06-18T12:22:26.048+09:00  INFO 8868 --- [ch04] [restartedMain] org.example.ch04.Ch04Application         : No active profile set, falling back to 1 default profile: "default"
2026-06-18T12:22:26.274+09:00  INFO 8868 --- [ch04] [restartedMain] o.s.b.w.embedded.tomcat.TomcatWebServer  : Tomcat initialized with port 8080 (http)
2026-06-18T12:22:26.275+09:00  INFO 8868 --- [ch04] [restartedMain] o.apache.catalina.core.StandardService   : Starting service [Tomcat]
2026-06-18T12:22:26.275+09:00  INFO 8868 --- [ch04] [restartedMain] o.apache.catalina.core.StandardEngine    : Starting Servlet engine: [Apache Tomcat/10.1.55]
2026-06-18T12:22:26.290+09:00  INFO 8868 --- [ch04] [restartedMain] o.a.c.c.C.[Tomcat].[localhost].[/ch04]   : Initializing Spring embedded WebApplicationContext
2026-06-18T12:22:26.290+09:00  INFO 8868 --- [ch04] [restartedMain] w.s.c.ServletWebServerApplicationContext : Root WebApplicationContext: initialization completed in 240 ms
2026-06-18T12:22:26.327+09:00  INFO 8868 --- [ch04] [restartedMain] o.s.b.a.w.s.WelcomePageHandlerMapping    : Adding welcome page template: index
2026-06-18T12:22:26.369+09:00  INFO 8868 --- [ch04] [restartedMain] o.s.b.d.a.OptionalLiveReloadServer       : LiveReload server is running on port 35729
2026-06-18T12:22:26.377+09:00  INFO 8868 --- [ch04] [restartedMain] o.s.b.w.embedded.tomcat.TomcatWebServer  : Tomcat started on port 8080 (http) with context path '/ch04'
2026-06-18T12:22:26.379+09:00  INFO 8868 --- [ch04] [restartedMain] org.example.ch04.Ch04Application         : Started Ch04Application in 0.355 seconds (process running for 9777.149)
2026-06-18T12:22:26.380+09:00  INFO 8868 --- [ch04] [restartedMain] .ConditionEvaluationDeltaLoggingListener : Condition evaluation unchanged
2026-06-18T12:22:36.949+09:00  INFO 8868 --- [ch04] [File Watcher] rtingClassPathChangeChangedEventListener : Restarting due to 3 class path changes (0 additions, 3 deletions, 0 modifications)
2026-06-18T12:22:36.949+09:00  INFO 8868 --- [ch04] [Thread-23] o.s.b.w.e.tomcat.GracefulShutdown        : Commencing graceful shutdown. Waiting for active requests to complete
2026-06-18T12:22:36.952+09:00  INFO 8868 --- [ch04] [tomcat-shutdown] o.s.b.w.e.tomcat.GracefulShutdown        : Graceful shutdown complete
2026-06-18T12:22:37.018+09:00  INFO 8868 --- [ch04] [restartedMain] org.example.ch04.Ch04Application         : Starting Ch04Application using Java 21.0.11 with PID 8868 (C:\Users\GGG\Desktop\Workspace\spirng\ch04\build\classes\java\main started by GGG in C:\Users\GGG\Desktop\Workspace\spirng\ch04)
2026-06-18T12:22:37.018+09:00  INFO 8868 --- [ch04] [restartedMain] org.example.ch04.Ch04Application         : No active profile set, falling back to 1 default profile: "default"
2026-06-18T12:22:37.292+09:00  INFO 8868 --- [ch04] [restartedMain] o.s.b.w.embedded.tomcat.TomcatWebServer  : Tomcat initialized with port 8080 (http)
2026-06-18T12:22:37.293+09:00  INFO 8868 --- [ch04] [restartedMain] o.apache.catalina.core.StandardService   : Starting service [Tomcat]
2026-06-18T12:22:37.293+09:00  INFO 8868 --- [ch04] [restartedMain] o.apache.catalina.core.StandardEngine    : Starting Servlet engine: [Apache Tomcat/10.1.55]
2026-06-18T12:22:37.313+09:00  INFO 8868 --- [ch04] [restartedMain] o.a.c.c.C.[Tomcat].[localhost].[/ch04]   : Initializing Spring embedded WebApplicationContext
2026-06-18T12:22:37.313+09:00  INFO 8868 --- [ch04] [restartedMain] w.s.c.ServletWebServerApplicationContext : Root WebApplicationContext: initialization completed in 293 ms
2026-06-18T12:22:37.356+09:00  INFO 8868 --- [ch04] [restartedMain] o.s.b.a.w.s.WelcomePageHandlerMapping    : Adding welcome page template: index
2026-06-18T12:22:37.401+09:00  INFO 8868 --- [ch04] [restartedMain] o.s.b.d.a.OptionalLiveReloadServer       : LiveReload server is running on port 35729
2026-06-18T12:22:37.409+09:00  INFO 8868 --- [ch04] [restartedMain] o.s.b.w.embedded.tomcat.TomcatWebServer  : Tomcat started on port 8080 (http) with context path '/ch04'
2026-06-18T12:22:37.411+09:00  INFO 8868 --- [ch04] [restartedMain] org.example.ch04.Ch04Application         : Started Ch04Application in 0.417 seconds (process running for 9788.181)
2026-06-18T12:22:37.412+09:00  INFO 8868 --- [ch04] [restartedMain] .ConditionEvaluationDeltaLoggingListener : Condition evaluation unchanged
2026-06-18T12:22:38.826+09:00  INFO 8868 --- [ch04] [File Watcher] rtingClassPathChangeChangedEventListener : Restarting due to 3 class path changes (3 additions, 0 deletions, 0 modifications)
2026-06-18T12:22:38.826+09:00  INFO 8868 --- [ch04] [Thread-27] o.s.b.w.e.tomcat.GracefulShutdown        : Commencing graceful shutdown. Waiting for active requests to complete
2026-06-18T12:22:38.829+09:00  INFO 8868 --- [ch04] [tomcat-shutdown] o.s.b.w.e.tomcat.GracefulShutdown        : Graceful shutdown complete
2026-06-18T12:22:38.894+09:00  INFO 8868 --- [ch04] [restartedMain] org.example.ch04.Ch04Application         : Starting Ch04Application using Java 21.0.11 with PID 8868 (C:\Users\GGG\Desktop\Workspace\spirng\ch04\build\classes\java\main started by GGG in C:\Users\GGG\Desktop\Workspace\spirng\ch04)
2026-06-18T12:22:38.895+09:00  INFO 8868 --- [ch04] [restartedMain] org.example.ch04.Ch04Application         : No active profile set, falling back to 1 default profile: "default"
2026-06-18T12:22:39.117+09:00  INFO 8868 --- [ch04] [restartedMain] o.s.b.w.embedded.tomcat.TomcatWebServer  : Tomcat initialized with port 8080 (http)
2026-06-18T12:22:39.118+09:00  INFO 8868 --- [ch04] [restartedMain] o.apache.catalina.core.StandardService   : Starting service [Tomcat]
2026-06-18T12:22:39.118+09:00  INFO 8868 --- [ch04] [restartedMain] o.apache.catalina.core.StandardEngine    : Starting Servlet engine: [Apache Tomcat/10.1.55]
2026-06-18T12:22:39.134+09:00  INFO 8868 --- [ch04] [restartedMain] o.a.c.c.C.[Tomcat].[localhost].[/ch04]   : Initializing Spring embedded WebApplicationContext
2026-06-18T12:22:39.134+09:00  INFO 8868 --- [ch04] [restartedMain] w.s.c.ServletWebServerApplicationContext : Root WebApplicationContext: initialization completed in 238 ms
2026-06-18T12:22:39.174+09:00  INFO 8868 --- [ch04] [restartedMain] o.s.b.a.w.s.WelcomePageHandlerMapping    : Adding welcome page template: index
2026-06-18T12:22:39.213+09:00  INFO 8868 --- [ch04] [restartedMain] o.s.b.d.a.OptionalLiveReloadServer       : LiveReload server is running on port 35729
2026-06-18T12:22:39.220+09:00  INFO 8868 --- [ch04] [restartedMain] o.s.b.w.embedded.tomcat.TomcatWebServer  : Tomcat started on port 8080 (http) with context path '/ch04'
2026-06-18T12:22:39.223+09:00  INFO 8868 --- [ch04] [restartedMain] org.example.ch04.Ch04Application         : Started Ch04Application in 0.353 seconds (process running for 9789.993)
2026-06-18T12:22:39.224+09:00  INFO 8868 --- [ch04] [restartedMain] .ConditionEvaluationDeltaLoggingListener : Condition evaluation unchanged
2026-06-18T12:22:57.296+09:00  INFO 8868 --- [ch04] [File Watcher] rtingClassPathChangeChangedEventListener : Restarting due to 5 class path changes (0 additions, 0 deletions, 5 modifications)
2026-06-18T12:22:57.296+09:00  INFO 8868 --- [ch04] [Thread-31] o.s.b.w.e.tomcat.GracefulShutdown        : Commencing graceful shutdown. Waiting for active requests to complete
2026-06-18T12:22:57.299+09:00  INFO 8868 --- [ch04] [tomcat-shutdown] o.s.b.w.e.tomcat.GracefulShutdown        : Graceful shutdown complete
2026-06-18T12:22:57.365+09:00  INFO 8868 --- [ch04] [restartedMain] org.example.ch04.Ch04Application         : Starting Ch04Application using Java 21.0.11 with PID 8868 (C:\Users\GGG\Desktop\Workspace\spirng\ch04\build\classes\java\main started by GGG in C:\Users\GGG\Desktop\Workspace\spirng\ch04)
2026-06-18T12:22:57.365+09:00  INFO 8868 --- [ch04] [restartedMain] org.example.ch04.Ch04Application         : No active profile set, falling back to 1 default profile: "default"
2026-06-18T12:22:57.596+09:00  INFO 8868 --- [ch04] [restartedMain] o.s.b.w.embedded.tomcat.TomcatWebServer  : Tomcat initialized with port 8080 (http)
2026-06-18T12:22:57.597+09:00  INFO 8868 --- [ch04] [restartedMain] o.apache.catalina.core.StandardService   : Starting service [Tomcat]
2026-06-18T12:22:57.597+09:00  INFO 8868 --- [ch04] [restartedMain] o.apache.catalina.core.StandardEngine    : Starting Servlet engine: [Apache Tomcat/10.1.55]
2026-06-18T12:22:57.613+09:00  INFO 8868 --- [ch04] [restartedMain] o.a.c.c.C.[Tomcat].[localhost].[/ch04]   : Initializing Spring embedded WebApplicationContext
2026-06-18T12:22:57.614+09:00  INFO 8868 --- [ch04] [restartedMain] w.s.c.ServletWebServerApplicationContext : Root WebApplicationContext: initialization completed in 247 ms
2026-06-18T12:22:57.652+09:00  INFO 8868 --- [ch04] [restartedMain] o.s.b.a.w.s.WelcomePageHandlerMapping    : Adding welcome page template: index
2026-06-18T12:22:57.692+09:00  INFO 8868 --- [ch04] [restartedMain] o.s.b.d.a.OptionalLiveReloadServer       : LiveReload server is running on port 35729
2026-06-18T12:22:57.700+09:00  INFO 8868 --- [ch04] [restartedMain] o.s.b.w.embedded.tomcat.TomcatWebServer  : Tomcat started on port 8080 (http) with context path '/ch04'
2026-06-18T12:22:57.702+09:00  INFO 8868 --- [ch04] [restartedMain] org.example.ch04.Ch04Application         : Started Ch04Application in 0.361 seconds (process running for 9808.472)
2026-06-18T12:22:57.703+09:00  INFO 8868 --- [ch04] [restartedMain] .ConditionEvaluationDeltaLoggingListener : Condition evaluation unchanged
2026-06-18T12:27:44.396+09:00  INFO 8868 --- [ch04] [File Watcher] rtingClassPathChangeChangedEventListener : Restarting due to 1 class path change (0 additions, 1 deletion, 0 modifications)
2026-06-18T12:27:44.397+09:00  INFO 8868 --- [ch04] [Thread-35] o.s.b.w.e.tomcat.GracefulShutdown        : Commencing graceful shutdown. Waiting for active requests to complete
2026-06-18T12:27:44.401+09:00  INFO 8868 --- [ch04] [tomcat-shutdown] o.s.b.w.e.tomcat.GracefulShutdown        : Graceful shutdown complete
2026-06-18T12:27:44.472+09:00  INFO 8868 --- [ch04] [restartedMain] org.example.ch04.Ch04Application         : Starting Ch04Application using Java 21.0.11 with PID 8868 (C:\Users\GGG\Desktop\Workspace\spirng\ch04\build\classes\java\main started by GGG in C:\Users\GGG\Desktop\Workspace\spirng\ch04)
2026-06-18T12:27:44.472+09:00  INFO 8868 --- [ch04] [restartedMain] org.example.ch04.Ch04Application         : No active profile set, falling back to 1 default profile: "default"
2026-06-18T12:27:44.729+09:00  INFO 8868 --- [ch04] [restartedMain] o.s.b.w.embedded.tomcat.TomcatWebServer  : Tomcat initialized with port 8080 (http)
2026-06-18T12:27:44.730+09:00  INFO 8868 --- [ch04] [restartedMain] o.apache.catalina.core.StandardService   : Starting service [Tomcat]
2026-06-18T12:27:44.730+09:00  INFO 8868 --- [ch04] [restartedMain] o.apache.catalina.core.StandardEngine    : Starting Servlet engine: [Apache Tomcat/10.1.55]
2026-06-18T12:27:44.746+09:00  INFO 8868 --- [ch04] [restartedMain] o.a.c.c.C.[Tomcat].[localhost].[/ch04]   : Initializing Spring embedded WebApplicationContext
2026-06-18T12:27:44.746+09:00  INFO 8868 --- [ch04] [restartedMain] w.s.c.ServletWebServerApplicationContext : Root WebApplicationContext: initialization completed in 272 ms
2026-06-18T12:27:44.784+09:00  INFO 8868 --- [ch04] [restartedMain] o.s.b.a.w.s.WelcomePageHandlerMapping    : Adding welcome page template: index
2026-06-18T12:27:44.829+09:00  INFO 8868 --- [ch04] [restartedMain] o.s.b.d.a.OptionalLiveReloadServer       : LiveReload server is running on port 35729
2026-06-18T12:27:44.838+09:00  INFO 8868 --- [ch04] [restartedMain] o.s.b.w.embedded.tomcat.TomcatWebServer  : Tomcat started on port 8080 (http) with context path '/ch04'
2026-06-18T12:27:44.840+09:00  INFO 8868 --- [ch04] [restartedMain] org.example.ch04.Ch04Application         : Started Ch04Application in 0.394 seconds (process running for 10095.609)
2026-06-18T12:27:44.841+09:00  INFO 8868 --- [ch04] [restartedMain] .ConditionEvaluationDeltaLoggingListener : Condition evaluation unchanged
2026-06-18T12:27:46.255+09:00  INFO 8868 --- [ch04] [File Watcher] rtingClassPathChangeChangedEventListener : Restarting due to 7 class path changes (1 addition, 0 deletions, 6 modifications)
2026-06-18T12:27:46.256+09:00  INFO 8868 --- [ch04] [Thread-39] o.s.b.w.e.tomcat.GracefulShutdown        : Commencing graceful shutdown. Waiting for active requests to complete
2026-06-18T12:27:46.259+09:00  INFO 8868 --- [ch04] [tomcat-shutdown] o.s.b.w.e.tomcat.GracefulShutdown        : Graceful shutdown complete
2026-06-18T12:27:46.321+09:00  INFO 8868 --- [ch04] [restartedMain] org.example.ch04.Ch04Application         : Starting Ch04Application using Java 21.0.11 with PID 8868 (C:\Users\GGG\Desktop\Workspace\spirng\ch04\build\classes\java\main started by GGG in C:\Users\GGG\Desktop\Workspace\spirng\ch04)
2026-06-18T12:27:46.321+09:00  INFO 8868 --- [ch04] [restartedMain] org.example.ch04.Ch04Application         : No active profile set, falling back to 1 default profile: "default"
2026-06-18T12:27:46.543+09:00  INFO 8868 --- [ch04] [restartedMain] o.s.b.w.embedded.tomcat.TomcatWebServer  : Tomcat initialized with port 8080 (http)
2026-06-18T12:27:46.544+09:00  INFO 8868 --- [ch04] [restartedMain] o.apache.catalina.core.StandardService   : Starting service [Tomcat]
2026-06-18T12:27:46.544+09:00  INFO 8868 --- [ch04] [restartedMain] o.apache.catalina.core.StandardEngine    : Starting Servlet engine: [Apache Tomcat/10.1.55]
2026-06-18T12:27:46.559+09:00  INFO 8868 --- [ch04] [restartedMain] o.a.c.c.C.[Tomcat].[localhost].[/ch04]   : Initializing Spring embedded WebApplicationContext
2026-06-18T12:27:46.559+09:00  INFO 8868 --- [ch04] [restartedMain] w.s.c.ServletWebServerApplicationContext : Root WebApplicationContext: initialization completed in 236 ms
2026-06-18T12:27:46.596+09:00  INFO 8868 --- [ch04] [restartedMain] o.s.b.a.w.s.WelcomePageHandlerMapping    : Adding welcome page template: index
2026-06-18T12:27:46.632+09:00  INFO 8868 --- [ch04] [restartedMain] o.s.b.d.a.OptionalLiveReloadServer       : LiveReload server is running on port 35729
2026-06-18T12:27:46.641+09:00  INFO 8868 --- [ch04] [restartedMain] o.s.b.w.embedded.tomcat.TomcatWebServer  : Tomcat started on port 8080 (http) with context path '/ch04'
2026-06-18T12:27:46.643+09:00  INFO 8868 --- [ch04] [restartedMain] org.example.ch04.Ch04Application         : Started Ch04Application in 0.346 seconds (process running for 10097.413)
2026-06-18T12:27:46.643+09:00  INFO 8868 --- [ch04] [restartedMain] .ConditionEvaluationDeltaLoggingListener : Condition evaluation unchanged
2026-06-18T12:28:53.713+09:00  INFO 8868 --- [ch04] [SpringApplicationShutdownHook] o.s.b.w.e.tomcat.GracefulShutdown        : Commencing graceful shutdown. Waiting for active requests to complete
2026-06-18T12:28:53.716+09:00  INFO 8868 --- [ch04] [tomcat-shutdown] o.s.b.w.e.tomcat.GracefulShutdown        : Graceful shutdown complete
2026-06-18T12:28:55.874+09:00  INFO 2208 --- [ch04] [restartedMain] org.example.ch04.Ch04Application         : Starting Ch04Application using Java 21.0.11 with PID 2208 (C:\Users\GGG\Desktop\Workspace\spirng\ch04\build\classes\java\main started by GGG in C:\Users\GGG\Desktop\Workspace\spirng\ch04)
2026-06-18T12:28:55.876+09:00  INFO 2208 --- [ch04] [restartedMain] org.example.ch04.Ch04Application         : No active profile set, falling back to 1 default profile: "default"
2026-06-18T12:28:55.915+09:00  INFO 2208 --- [ch04] [restartedMain] .e.DevToolsPropertyDefaultsPostProcessor : Devtools property defaults active! Set 'spring.devtools.add-properties' to 'false' to disable
2026-06-18T12:28:55.915+09:00  INFO 2208 --- [ch04] [restartedMain] .e.DevToolsPropertyDefaultsPostProcessor : For additional web related logging consider setting the 'logging.level.web' property to 'DEBUG'
2026-06-18T12:28:56.854+09:00  INFO 2208 --- [ch04] [restartedMain] o.s.b.w.embedded.tomcat.TomcatWebServer  : Tomcat initialized with port 8080 (http)
2026-06-18T12:28:56.867+09:00  INFO 2208 --- [ch04] [restartedMain] o.apache.catalina.core.StandardService   : Starting service [Tomcat]
2026-06-18T12:28:56.868+09:00  INFO 2208 --- [ch04] [restartedMain] o.apache.catalina.core.StandardEngine    : Starting Servlet engine: [Apache Tomcat/10.1.55]
2026-06-18T12:28:56.906+09:00  INFO 2208 --- [ch04] [restartedMain] o.a.c.c.C.[Tomcat].[localhost].[/ch04]   : Initializing Spring embedded WebApplicationContext
2026-06-18T12:28:56.907+09:00  INFO 2208 --- [ch04] [restartedMain] w.s.c.ServletWebServerApplicationContext : Root WebApplicationContext: initialization completed in 992 ms
2026-06-18T12:28:57.170+09:00  INFO 2208 --- [ch04] [restartedMain] o.s.b.a.w.s.WelcomePageHandlerMapping    : Adding welcome page template: index
2026-06-18T12:28:57.448+09:00  INFO 2208 --- [ch04] [restartedMain] o.s.b.d.a.OptionalLiveReloadServer       : LiveReload server is running on port 35729
2026-06-18T12:28:57.478+09:00  INFO 2208 --- [ch04] [restartedMain] o.s.b.w.embedded.tomcat.TomcatWebServer  : Tomcat started on port 8080 (http) with context path '/ch04'
2026-06-18T12:28:57.486+09:00  INFO 2208 --- [ch04] [restartedMain] org.example.ch04.Ch04Application         : Started Ch04Application in 2.024 seconds (process running for 2.788)
2026-06-18T12:31:21.180+09:00  INFO 2208 --- [ch04] [http-nio-8080-exec-1] o.a.c.c.C.[Tomcat].[localhost].[/ch04]   : Initializing Spring DispatcherServlet 'dispatcherServlet'
2026-06-18T12:31:21.181+09:00  INFO 2208 --- [ch04] [http-nio-8080-exec-1] o.s.web.servlet.DispatcherServlet        : Initializing Servlet 'dispatcherServlet'
2026-06-18T12:31:21.182+09:00  INFO 2208 --- [ch04] [http-nio-8080-exec-1] o.s.web.servlet.DispatcherServlet        : Completed initialization in 0 ms
2026-06-18T12:31:22.262+09:00  INFO 2208 --- [ch04] [http-nio-8080-exec-2] com.zaxxer.hikari.HikariDataSource       : HikariPool-1 - Starting...
2026-06-18T12:31:23.604+09:00 ERROR 2208 --- [ch04] [http-nio-8080-exec-2] o.a.c.c.C.[.[.[.[dispatcherServlet]      : Servlet.service() for servlet [dispatcherServlet] in context with path [/ch04] threw exception [Request processing failed: org.mybatis.spring.MyBatisSystemException: 
### Error querying database.  Cause: org.springframework.jdbc.CannotGetJdbcConnectionException: Failed to obtain JDBC Connection
### The error may exist in file [C:\Users\GGG\Desktop\Workspace\spirng\ch04\build\resources\main\mappers\user1.xml]
### The error may involve org.example.ch04.dao.User1DAO.selectAll
### The error occurred while executing a query
### Cause: org.springframework.jdbc.CannotGetJdbcConnectionException: Failed to obtain JDBC Connection] with root cause

java.sql.SQLException: Access denied for user 'chhak0503'@'localhost' (using password: YES)
	at com.mysql.cj.jdbc.exceptions.SQLError.createSQLException(SQLError.java:121) ~[mysql-connector-j-9.7.0.jar:9.7.0]
	at com.mysql.cj.jdbc.exceptions.SQLExceptionsMapping.translateException(SQLExceptionsMapping.java:114) ~[mysql-connector-j-9.7.0.jar:9.7.0]
	at com.mysql.cj.jdbc.ConnectionImpl.createNewIO(ConnectionImpl.java:840) ~[mysql-connector-j-9.7.0.jar:9.7.0]
	at com.mysql.cj.jdbc.ConnectionImpl.<init>(ConnectionImpl.java:416) ~[mysql-connector-j-9.7.0.jar:9.7.0]
	at com.mysql.cj.jdbc.ConnectionImpl.getInstance(ConnectionImpl.java:237) ~[mysql-connector-j-9.7.0.jar:9.7.0]
	at com.mysql.cj.jdbc.NonRegisteringDriver.connect(NonRegisteringDriver.java:180) ~[mysql-connector-j-9.7.0.jar:9.7.0]
	at com.zaxxer.hikari.util.DriverDataSource.getConnection(DriverDataSource.java:144) ~[HikariCP-6.3.3.jar:na]
	at com.zaxxer.hikari.pool.PoolBase.newConnection(PoolBase.java:370) ~[HikariCP-6.3.3.jar:na]
	at com.zaxxer.hikari.pool.PoolBase.newPoolEntry(PoolBase.java:207) ~[HikariCP-6.3.3.jar:na]
	at com.zaxxer.hikari.pool.HikariPool.createPoolEntry(HikariPool.java:488) ~[HikariCP-6.3.3.jar:na]
	at com.zaxxer.hikari.pool.HikariPool.checkFailFast(HikariPool.java:576) ~[HikariCP-6.3.3.jar:na]
	at com.zaxxer.hikari.pool.HikariPool.<init>(HikariPool.java:97) ~[HikariCP-6.3.3.jar:na]
	at com.zaxxer.hikari.HikariDataSource.getConnection(HikariDataSource.java:111) ~[HikariCP-6.3.3.jar:na]
	at org.springframework.jdbc.datasource.DataSourceUtils.fetchConnection(DataSourceUtils.java:160) ~[spring-jdbc-6.2.19.jar:6.2.19]
	at org.springframework.jdbc.datasource.DataSourceUtils.doGetConnection(DataSourceUtils.java:118) ~[spring-jdbc-6.2.19.jar:6.2.19]
	at org.springframework.jdbc.datasource.DataSourceUtils.getConnection(DataSourceUtils.java:81) ~[spring-jdbc-6.2.19.jar:6.2.19]
	at org.mybatis.spring.transaction.SpringManagedTransaction.openConnection(SpringManagedTransaction.java:77) ~[mybatis-spring-3.0.5.jar:3.0.5]
	at org.mybatis.spring.transaction.SpringManagedTransaction.getConnection(SpringManagedTransaction.java:64) ~[mybatis-spring-3.0.5.jar:3.0.5]
	at org.apache.ibatis.executor.BaseExecutor.getConnection(BaseExecutor.java:348) ~[mybatis-3.5.19.jar:3.5.19]
	at org.apache.ibatis.executor.SimpleExecutor.prepareStatement(SimpleExecutor.java:89) ~[mybatis-3.5.19.jar:3.5.19]
	at org.apache.ibatis.executor.SimpleExecutor.doQuery(SimpleExecutor.java:64) ~[mybatis-3.5.19.jar:3.5.19]
	at org.apache.ibatis.executor.BaseExecutor.queryFromDatabase(BaseExecutor.java:336) ~[mybatis-3.5.19.jar:3.5.19]
	at org.apache.ibatis.executor.BaseExecutor.query(BaseExecutor.java:158) ~[mybatis-3.5.19.jar:3.5.19]
	at org.apache.ibatis.executor.CachingExecutor.query(CachingExecutor.java:110) ~[mybatis-3.5.19.jar:3.5.19]
	at org.apache.ibatis.executor.CachingExecutor.query(CachingExecutor.java:90) ~[mybatis-3.5.19.jar:3.5.19]
	at org.apache.ibatis.session.defaults.DefaultSqlSession.selectList(DefaultSqlSession.java:154) ~[mybatis-3.5.19.jar:3.5.19]
	at org.apache.ibatis.session.defaults.DefaultSqlSession.selectList(DefaultSqlSession.java:147) ~[mybatis-3.5.19.jar:3.5.19]
	at org.apache.ibatis.session.defaults.DefaultSqlSession.selectList(DefaultSqlSession.java:142) ~[mybatis-3.5.19.jar:3.5.19]
	at java.base/jdk.internal.reflect.DirectMethodHandleAccessor.invoke(DirectMethodHandleAccessor.java:103) ~[na:na]
	at java.base/java.lang.reflect.Method.invoke(Method.java:580) ~[na:na]
	at org.mybatis.spring.SqlSessionTemplate$SqlSessionInterceptor.invoke(SqlSessionTemplate.java:333) ~[mybatis-spring-3.0.5.jar:3.0.5]
	at jdk.proxy2/jdk.proxy2.$Proxy68.selectList(Unknown Source) ~[na:na]
	at org.mybatis.spring.SqlSessionTemplate.selectList(SqlSessionTemplate.java:194) ~[mybatis-spring-3.0.5.jar:3.0.5]
	at org.apache.ibatis.binding.MapperMethod.executeForMany(MapperMethod.java:147) ~[mybatis-3.5.19.jar:3.5.19]
	at org.apache.ibatis.binding.MapperMethod.execute(MapperMethod.java:80) ~[mybatis-3.5.19.jar:3.5.19]
	at org.apache.ibatis.binding.MapperProxy$PlainMethodInvoker.invoke(MapperProxy.java:141) ~[mybatis-3.5.19.jar:3.5.19]
	at org.apache.ibatis.binding.MapperProxy.invoke(MapperProxy.java:86) ~[mybatis-3.5.19.jar:3.5.19]
	at jdk.proxy3/jdk.proxy3.$Proxy69.selectAll(Unknown Source) ~[na:na]
	at java.base/jdk.internal.reflect.DirectMethodHandleAccessor.invoke(DirectMethodHandleAccessor.java:103) ~[na:na]
	at java.base/java.lang.reflect.Method.invoke(Method.java:580) ~[na:na]
	at org.springframework.aop.support.AopUtils.invokeJoinpointUsingReflection(AopUtils.java:360) ~[spring-aop-6.2.19.jar:6.2.19]
	at org.springframework.aop.framework.ReflectiveMethodInvocation.invokeJoinpoint(ReflectiveMethodInvocation.java:196) ~[spring-aop-6.2.19.jar:6.2.19]
	at org.springframework.aop.framework.ReflectiveMethodInvocation.proceed(ReflectiveMethodInvocation.java:163) ~[spring-aop-6.2.19.jar:6.2.19]
	at org.springframework.dao.support.PersistenceExceptionTranslationInterceptor.invoke(PersistenceExceptionTranslationInterceptor.java:138) ~[spring-tx-6.2.19.jar:6.2.19]
	at org.springframework.aop.framework.ReflectiveMethodInvocation.proceed(ReflectiveMethodInvocation.java:184) ~[spring-aop-6.2.19.jar:6.2.19]
	at org.springframework.aop.framework.JdkDynamicAopProxy.invoke(JdkDynamicAopProxy.java:223) ~[spring-aop-6.2.19.jar:6.2.19]
	at jdk.proxy3/jdk.proxy3.$Proxy70.selectAll(Unknown Source) ~[na:na]
	at org.example.ch04.service.User1Service.getAll(User1Service.java:28) ~[main/:na]
	at org.example.ch04.controller.User1Controller.list(User1Controller.java:47) ~[main/:na]
	at java.base/jdk.internal.reflect.DirectMethodHandleAccessor.invoke(DirectMethodHandleAccessor.java:103) ~[na:na]
	at java.base/java.lang.reflect.Method.invoke(Method.java:580) ~[na:na]
	at org.springframework.web.method.support.InvocableHandlerMethod.doInvoke(InvocableHandlerMethod.java:258) ~[spring-web-6.2.19.jar:6.2.19]
	at org.springframework.web.method.support.InvocableHandlerMethod.invokeForRequest(InvocableHandlerMethod.java:191) ~[spring-web-6.2.19.jar:6.2.19]
	at org.springframework.web.servlet.mvc.method.annotation.ServletInvocableHandlerMethod.invokeAndHandle(ServletInvocableHandlerMethod.java:118) ~[spring-webmvc-6.2.19.jar:6.2.19]
	at org.springframework.web.servlet.mvc.method.annotation.RequestMappingHandlerAdapter.invokeHandlerMethod(RequestMappingHandlerAdapter.java:991) ~[spring-webmvc-6.2.19.jar:6.2.19]
	at org.springframework.web.servlet.mvc.method.annotation.RequestMappingHandlerAdapter.handleInternal(RequestMappingHandlerAdapter.java:896) ~[spring-webmvc-6.2.19.jar:6.2.19]
	at org.springframework.web.servlet.mvc.method.AbstractHandlerMethodAdapter.handle(AbstractHandlerMethodAdapter.java:87) ~[spring-webmvc-6.2.19.jar:6.2.19]
	at org.springframework.web.servlet.DispatcherServlet.doDispatch(DispatcherServlet.java:1089) ~[spring-webmvc-6.2.19.jar:6.2.19]
	at org.springframework.web.servlet.DispatcherServlet.doService(DispatcherServlet.java:979) ~[spring-webmvc-6.2.19.jar:6.2.19]
	at org.springframework.web.servlet.FrameworkServlet.processRequest(FrameworkServlet.java:1014) ~[spring-webmvc-6.2.19.jar:6.2.19]
	at org.springframework.web.servlet.FrameworkServlet.doGet(FrameworkServlet.java:903) ~[spring-webmvc-6.2.19.jar:6.2.19]
	at jakarta.servlet.http.HttpServlet.service(HttpServlet.java:564) ~[tomcat-embed-core-10.1.55.jar:6.0]
	at org.springframework.web.servlet.FrameworkServlet.service(FrameworkServlet.java:885) ~[spring-webmvc-6.2.19.jar:6.2.19]
	at jakarta.servlet.http.HttpServlet.service(HttpServlet.java:658) ~[tomcat-embed-core-10.1.55.jar:6.0]
	at org.apache.catalina.core.ApplicationFilterChain.internalDoFilter(ApplicationFilterChain.java:193) ~[tomcat-embed-core-10.1.55.jar:10.1.55]
	at org.apache.catalina.core.ApplicationFilterChain.doFilter(ApplicationFilterChain.java:138) ~[tomcat-embed-core-10.1.55.jar:10.1.55]
	at org.apache.tomcat.websocket.server.WsFilter.doFilter(WsFilter.java:51) ~[tomcat-embed-websocket-10.1.55.jar:10.1.55]
	at org.apache.catalina.core.ApplicationFilterChain.internalDoFilter(ApplicationFilterChain.java:162) ~[tomcat-embed-core-10.1.55.jar:10.1.55]
	at org.apache.catalina.core.ApplicationFilterChain.doFilter(ApplicationFilterChain.java:138) ~[tomcat-embed-core-10.1.55.jar:10.1.55]
	at org.springframework.web.filter.RequestContextFilter.doFilterInternal(RequestContextFilter.java:100) ~[spring-web-6.2.19.jar:6.2.19]
	at org.springframework.web.filter.OncePerRequestFilter.doFilter(OncePerRequestFilter.java:116) ~[spring-web-6.2.19.jar:6.2.19]
	at org.apache.catalina.core.ApplicationFilterChain.internalDoFilter(ApplicationFilterChain.java:162) ~[tomcat-embed-core-10.1.55.jar:10.1.55]
	at org.apache.catalina.core.ApplicationFilterChain.doFilter(ApplicationFilterChain.java:138) ~[tomcat-embed-core-10.1.55.jar:10.1.55]
	at org.springframework.web.filter.FormContentFilter.doFilterInternal(FormContentFilter.java:93) ~[spring-web-6.2.19.jar:6.2.19]
	at org.springframework.web.filter.OncePerRequestFilter.doFilter(OncePerRequestFilter.java:116) ~[spring-web-6.2.19.jar:6.2.19]
	at org.apache.catalina.core.ApplicationFilterChain.internalDoFilter(ApplicationFilterChain.java:162) ~[tomcat-embed-core-10.1.55.jar:10.1.55]
	at org.apache.catalina.core.ApplicationFilterChain.doFilter(ApplicationFilterChain.java:138) ~[tomcat-embed-core-10.1.55.jar:10.1.55]
	at org.springframework.web.filter.CharacterEncodingFilter.doFilterInternal(CharacterEncodingFilter.java:201) ~[spring-web-6.2.19.jar:6.2.19]
	at org.springframework.web.filter.OncePerRequestFilter.doFilter(OncePerRequestFilter.java:116) ~[spring-web-6.2.19.jar:6.2.19]
	at org.apache.catalina.core.ApplicationFilterChain.internalDoFilter(ApplicationFilterChain.java:162) ~[tomcat-embed-core-10.1.55.jar:10.1.55]
	at org.apache.catalina.core.ApplicationFilterChain.doFilter(ApplicationFilterChain.java:138) ~[tomcat-embed-core-10.1.55.jar:10.1.55]
	at org.apache.catalina.core.StandardWrapperValve.invoke(StandardWrapperValve.java:165) ~[tomcat-embed-core-10.1.55.jar:10.1.55]
	at org.apache.catalina.core.StandardContextValve.invoke(StandardContextValve.java:88) ~[tomcat-embed-core-10.1.55.jar:10.1.55]
	at org.apache.catalina.authenticator.AuthenticatorBase.invoke(AuthenticatorBase.java:492) ~[tomcat-embed-core-10.1.55.jar:10.1.55]
	at org.apache.catalina.core.StandardHostValve.invoke(StandardHostValve.java:113) ~[tomcat-embed-core-10.1.55.jar:10.1.55]
	at org.apache.catalina.valves.ErrorReportValve.invoke(ErrorReportValve.java:83) ~[tomcat-embed-core-10.1.55.jar:10.1.55]
	at org.apache.catalina.core.StandardEngineValve.invoke(StandardEngineValve.java:72) ~[tomcat-embed-core-10.1.55.jar:10.1.55]
	at org.apache.catalina.connector.CoyoteAdapter.service(CoyoteAdapter.java:342) ~[tomcat-embed-core-10.1.55.jar:10.1.55]
	at org.apache.coyote.http11.Http11Processor.service(Http11Processor.java:399) ~[tomcat-embed-core-10.1.55.jar:10.1.55]
	at org.apache.coyote.AbstractProcessorLight.process(AbstractProcessorLight.java:63) ~[tomcat-embed-core-10.1.55.jar:10.1.55]
	at org.apache.coyote.AbstractProtocol$ConnectionHandler.process(AbstractProtocol.java:1272) ~[tomcat-embed-core-10.1.55.jar:10.1.55]
	at org.apache.tomcat.util.net.NioEndpoint$SocketProcessor.doRun(NioEndpoint.java:1797) ~[tomcat-embed-core-10.1.55.jar:10.1.55]
	at org.apache.tomcat.util.net.SocketProcessorBase.run(SocketProcessorBase.java:52) ~[tomcat-embed-core-10.1.55.jar:10.1.55]
	at org.apache.tomcat.util.threads.ThreadPoolExecutor.runWorker(ThreadPoolExecutor.java:973) ~[tomcat-embed-core-10.1.55.jar:10.1.55]
	at org.apache.tomcat.util.threads.ThreadPoolExecutor$Worker.run(ThreadPoolExecutor.java:491) ~[tomcat-embed-core-10.1.55.jar:10.1.55]
	at org.apache.tomcat.util.threads.TaskThread$WrappingRunnable.run(TaskThread.java:63) ~[tomcat-embed-core-10.1.55.jar:10.1.55]
	at java.base/java.lang.Thread.run(Thread.java:1583) ~[na:na]

2026-06-18T12:31:25.725+09:00  INFO 2208 --- [ch04] [http-nio-8080-exec-3] com.zaxxer.hikari.HikariDataSource       : HikariPool-1 - Starting...
2026-06-18T12:31:26.747+09:00 ERROR 2208 --- [ch04] [http-nio-8080-exec-3] o.a.c.c.C.[.[.[.[dispatcherServlet]      : Servlet.service() for servlet [dispatcherServlet] in context with path [/ch04] threw exception [Request processing failed: org.mybatis.spring.MyBatisSystemException: 
### Error querying database.  Cause: org.springframework.jdbc.CannotGetJdbcConnectionException: Failed to obtain JDBC Connection
### The error may exist in file [C:\Users\GGG\Desktop\Workspace\spirng\ch04\build\resources\main\mappers\user1.xml]
### The error may involve org.example.ch04.dao.User1DAO.selectAll
### The error occurred while executing a query
### Cause: org.springframework.jdbc.CannotGetJdbcConnectionException: Failed to obtain JDBC Connection] with root cause

java.sql.SQLException: Access denied for user 'chhak0503'@'localhost' (using password: YES)
	at com.mysql.cj.jdbc.exceptions.SQLError.createSQLException(SQLError.java:121) ~[mysql-connector-j-9.7.0.jar:9.7.0]
	at com.mysql.cj.jdbc.exceptions.SQLExceptionsMapping.translateException(SQLExceptionsMapping.java:114) ~[mysql-connector-j-9.7.0.jar:9.7.0]
	at com.mysql.cj.jdbc.ConnectionImpl.createNewIO(ConnectionImpl.java:840) ~[mysql-connector-j-9.7.0.jar:9.7.0]
	at com.mysql.cj.jdbc.ConnectionImpl.<init>(ConnectionImpl.java:416) ~[mysql-connector-j-9.7.0.jar:9.7.0]
	at com.mysql.cj.jdbc.ConnectionImpl.getInstance(ConnectionImpl.java:237) ~[mysql-connector-j-9.7.0.jar:9.7.0]
	at com.mysql.cj.jdbc.NonRegisteringDriver.connect(NonRegisteringDriver.java:180) ~[mysql-connector-j-9.7.0.jar:9.7.0]
	at com.zaxxer.hikari.util.DriverDataSource.getConnection(DriverDataSource.java:144) ~[HikariCP-6.3.3.jar:na]
	at com.zaxxer.hikari.pool.PoolBase.newConnection(PoolBase.java:370) ~[HikariCP-6.3.3.jar:na]
	at com.zaxxer.hikari.pool.PoolBase.newPoolEntry(PoolBase.java:207) ~[HikariCP-6.3.3.jar:na]
	at com.zaxxer.hikari.pool.HikariPool.createPoolEntry(HikariPool.java:488) ~[HikariCP-6.3.3.jar:na]
	at com.zaxxer.hikari.pool.HikariPool.checkFailFast(HikariPool.java:576) ~[HikariCP-6.3.3.jar:na]
	at com.zaxxer.hikari.pool.HikariPool.<init>(HikariPool.java:97) ~[HikariCP-6.3.3.jar:na]
	at com.zaxxer.hikari.HikariDataSource.getConnection(HikariDataSource.java:111) ~[HikariCP-6.3.3.jar:na]
	at org.springframework.jdbc.datasource.DataSourceUtils.fetchConnection(DataSourceUtils.java:160) ~[spring-jdbc-6.2.19.jar:6.2.19]
	at org.springframework.jdbc.datasource.DataSourceUtils.doGetConnection(DataSourceUtils.java:118) ~[spring-jdbc-6.2.19.jar:6.2.19]
	at org.springframework.jdbc.datasource.DataSourceUtils.getConnection(DataSourceUtils.java:81) ~[spring-jdbc-6.2.19.jar:6.2.19]
	at org.mybatis.spring.transaction.SpringManagedTransaction.openConnection(SpringManagedTransaction.java:77) ~[mybatis-spring-3.0.5.jar:3.0.5]
	at org.mybatis.spring.transaction.SpringManagedTransaction.getConnection(SpringManagedTransaction.java:64) ~[mybatis-spring-3.0.5.jar:3.0.5]
	at org.apache.ibatis.executor.BaseExecutor.getConnection(BaseExecutor.java:348) ~[mybatis-3.5.19.jar:3.5.19]
	at org.apache.ibatis.executor.SimpleExecutor.prepareStatement(SimpleExecutor.java:89) ~[mybatis-3.5.19.jar:3.5.19]
	at org.apache.ibatis.executor.SimpleExecutor.doQuery(SimpleExecutor.java:64) ~[mybatis-3.5.19.jar:3.5.19]
	at org.apache.ibatis.executor.BaseExecutor.queryFromDatabase(BaseExecutor.java:336) ~[mybatis-3.5.19.jar:3.5.19]
	at org.apache.ibatis.executor.BaseExecutor.query(BaseExecutor.java:158) ~[mybatis-3.5.19.jar:3.5.19]
	at org.apache.ibatis.executor.CachingExecutor.query(CachingExecutor.java:110) ~[mybatis-3.5.19.jar:3.5.19]
	at org.apache.ibatis.executor.CachingExecutor.query(CachingExecutor.java:90) ~[mybatis-3.5.19.jar:3.5.19]
	at org.apache.ibatis.session.defaults.DefaultSqlSession.selectList(DefaultSqlSession.java:154) ~[mybatis-3.5.19.jar:3.5.19]
	at org.apache.ibatis.session.defaults.DefaultSqlSession.selectList(DefaultSqlSession.java:147) ~[mybatis-3.5.19.jar:3.5.19]
	at org.apache.ibatis.session.defaults.DefaultSqlSession.selectList(DefaultSqlSession.java:142) ~[mybatis-3.5.19.jar:3.5.19]
	at java.base/jdk.internal.reflect.DirectMethodHandleAccessor.invoke(DirectMethodHandleAccessor.java:103) ~[na:na]
	at java.base/java.lang.reflect.Method.invoke(Method.java:580) ~[na:na]
	at org.mybatis.spring.SqlSessionTemplate$SqlSessionInterceptor.invoke(SqlSessionTemplate.java:333) ~[mybatis-spring-3.0.5.jar:3.0.5]
	at jdk.proxy2/jdk.proxy2.$Proxy68.selectList(Unknown Source) ~[na:na]
	at org.mybatis.spring.SqlSessionTemplate.selectList(SqlSessionTemplate.java:194) ~[mybatis-spring-3.0.5.jar:3.0.5]
	at org.apache.ibatis.binding.MapperMethod.executeForMany(MapperMethod.java:147) ~[mybatis-3.5.19.jar:3.5.19]
	at org.apache.ibatis.binding.MapperMethod.execute(MapperMethod.java:80) ~[mybatis-3.5.19.jar:3.5.19]
	at org.apache.ibatis.binding.MapperProxy$PlainMethodInvoker.invoke(MapperProxy.java:141) ~[mybatis-3.5.19.jar:3.5.19]
	at org.apache.ibatis.binding.MapperProxy.invoke(MapperProxy.java:86) ~[mybatis-3.5.19.jar:3.5.19]
	at jdk.proxy3/jdk.proxy3.$Proxy69.selectAll(Unknown Source) ~[na:na]
	at java.base/jdk.internal.reflect.DirectMethodHandleAccessor.invoke(DirectMethodHandleAccessor.java:103) ~[na:na]
	at java.base/java.lang.reflect.Method.invoke(Method.java:580) ~[na:na]
	at org.springframework.aop.support.AopUtils.invokeJoinpointUsingReflection(AopUtils.java:360) ~[spring-aop-6.2.19.jar:6.2.19]
	at org.springframework.aop.framework.ReflectiveMethodInvocation.invokeJoinpoint(ReflectiveMethodInvocation.java:196) ~[spring-aop-6.2.19.jar:6.2.19]
	at org.springframework.aop.framework.ReflectiveMethodInvocation.proceed(ReflectiveMethodInvocation.java:163) ~[spring-aop-6.2.19.jar:6.2.19]
	at org.springframework.dao.support.PersistenceExceptionTranslationInterceptor.invoke(PersistenceExceptionTranslationInterceptor.java:138) ~[spring-tx-6.2.19.jar:6.2.19]
	at org.springframework.aop.framework.ReflectiveMethodInvocation.proceed(ReflectiveMethodInvocation.java:184) ~[spring-aop-6.2.19.jar:6.2.19]
	at org.springframework.aop.framework.JdkDynamicAopProxy.invoke(JdkDynamicAopProxy.java:223) ~[spring-aop-6.2.19.jar:6.2.19]
	at jdk.proxy3/jdk.proxy3.$Proxy70.selectAll(Unknown Source) ~[na:na]
	at org.example.ch04.service.User1Service.getAll(User1Service.java:28) ~[main/:na]
	at org.example.ch04.controller.User1Controller.list(User1Controller.java:47) ~[main/:na]
	at java.base/jdk.internal.reflect.DirectMethodHandleAccessor.invoke(DirectMethodHandleAccessor.java:103) ~[na:na]
	at java.base/java.lang.reflect.Method.invoke(Method.java:580) ~[na:na]
	at org.springframework.web.method.support.InvocableHandlerMethod.doInvoke(InvocableHandlerMethod.java:258) ~[spring-web-6.2.19.jar:6.2.19]
	at org.springframework.web.method.support.InvocableHandlerMethod.invokeForRequest(InvocableHandlerMethod.java:191) ~[spring-web-6.2.19.jar:6.2.19]
	at org.springframework.web.servlet.mvc.method.annotation.ServletInvocableHandlerMethod.invokeAndHandle(ServletInvocableHandlerMethod.java:118) ~[spring-webmvc-6.2.19.jar:6.2.19]
	at org.springframework.web.servlet.mvc.method.annotation.RequestMappingHandlerAdapter.invokeHandlerMethod(RequestMappingHandlerAdapter.java:991) ~[spring-webmvc-6.2.19.jar:6.2.19]
	at org.springframework.web.servlet.mvc.method.annotation.RequestMappingHandlerAdapter.handleInternal(RequestMappingHandlerAdapter.java:896) ~[spring-webmvc-6.2.19.jar:6.2.19]
	at org.springframework.web.servlet.mvc.method.AbstractHandlerMethodAdapter.handle(AbstractHandlerMethodAdapter.java:87) ~[spring-webmvc-6.2.19.jar:6.2.19]
	at org.springframework.web.servlet.DispatcherServlet.doDispatch(DispatcherServlet.java:1089) ~[spring-webmvc-6.2.19.jar:6.2.19]
	at org.springframework.web.servlet.DispatcherServlet.doService(DispatcherServlet.java:979) ~[spring-webmvc-6.2.19.jar:6.2.19]
	at org.springframework.web.servlet.FrameworkServlet.processRequest(FrameworkServlet.java:1014) ~[spring-webmvc-6.2.19.jar:6.2.19]
	at org.springframework.web.servlet.FrameworkServlet.doGet(FrameworkServlet.java:903) ~[spring-webmvc-6.2.19.jar:6.2.19]
	at jakarta.servlet.http.HttpServlet.service(HttpServlet.java:564) ~[tomcat-embed-core-10.1.55.jar:6.0]
	at org.springframework.web.servlet.FrameworkServlet.service(FrameworkServlet.java:885) ~[spring-webmvc-6.2.19.jar:6.2.19]
	at jakarta.servlet.http.HttpServlet.service(HttpServlet.java:658) ~[tomcat-embed-core-10.1.55.jar:6.0]
	at org.apache.catalina.core.ApplicationFilterChain.internalDoFilter(ApplicationFilterChain.java:193) ~[tomcat-embed-core-10.1.55.jar:10.1.55]
	at org.apache.catalina.core.ApplicationFilterChain.doFilter(ApplicationFilterChain.java:138) ~[tomcat-embed-core-10.1.55.jar:10.1.55]
	at org.apache.tomcat.websocket.server.WsFilter.doFilter(WsFilter.java:51) ~[tomcat-embed-websocket-10.1.55.jar:10.1.55]
	at org.apache.catalina.core.ApplicationFilterChain.internalDoFilter(ApplicationFilterChain.java:162) ~[tomcat-embed-core-10.1.55.jar:10.1.55]
	at org.apache.catalina.core.ApplicationFilterChain.doFilter(ApplicationFilterChain.java:138) ~[tomcat-embed-core-10.1.55.jar:10.1.55]
	at org.springframework.web.filter.RequestContextFilter.doFilterInternal(RequestContextFilter.java:100) ~[spring-web-6.2.19.jar:6.2.19]
	at org.springframework.web.filter.OncePerRequestFilter.doFilter(OncePerRequestFilter.java:116) ~[spring-web-6.2.19.jar:6.2.19]
	at org.apache.catalina.core.ApplicationFilterChain.internalDoFilter(ApplicationFilterChain.java:162) ~[tomcat-embed-core-10.1.55.jar:10.1.55]
	at org.apache.catalina.core.ApplicationFilterChain.doFilter(ApplicationFilterChain.java:138) ~[tomcat-embed-core-10.1.55.jar:10.1.55]
	at org.springframework.web.filter.FormContentFilter.doFilterInternal(FormContentFilter.java:93) ~[spring-web-6.2.19.jar:6.2.19]
	at org.springframework.web.filter.OncePerRequestFilter.doFilter(OncePerRequestFilter.java:116) ~[spring-web-6.2.19.jar:6.2.19]
	at org.apache.catalina.core.ApplicationFilterChain.internalDoFilter(ApplicationFilterChain.java:162) ~[tomcat-embed-core-10.1.55.jar:10.1.55]
	at org.apache.catalina.core.ApplicationFilterChain.doFilter(ApplicationFilterChain.java:138) ~[tomcat-embed-core-10.1.55.jar:10.1.55]
	at org.springframework.web.filter.CharacterEncodingFilter.doFilterInternal(CharacterEncodingFilter.java:201) ~[spring-web-6.2.19.jar:6.2.19]
	at org.springframework.web.filter.OncePerRequestFilter.doFilter(OncePerRequestFilter.java:116) ~[spring-web-6.2.19.jar:6.2.19]
	at org.apache.catalina.core.ApplicationFilterChain.internalDoFilter(ApplicationFilterChain.java:162) ~[tomcat-embed-core-10.1.55.jar:10.1.55]
	at org.apache.catalina.core.ApplicationFilterChain.doFilter(ApplicationFilterChain.java:138) ~[tomcat-embed-core-10.1.55.jar:10.1.55]
	at org.apache.catalina.core.StandardWrapperValve.invoke(StandardWrapperValve.java:165) ~[tomcat-embed-core-10.1.55.jar:10.1.55]
	at org.apache.catalina.core.StandardContextValve.invoke(StandardContextValve.java:88) ~[tomcat-embed-core-10.1.55.jar:10.1.55]
	at org.apache.catalina.authenticator.AuthenticatorBase.invoke(AuthenticatorBase.java:492) ~[tomcat-embed-core-10.1.55.jar:10.1.55]
	at org.apache.catalina.core.StandardHostValve.invoke(StandardHostValve.java:113) ~[tomcat-embed-core-10.1.55.jar:10.1.55]
	at org.apache.catalina.valves.ErrorReportValve.invoke(ErrorReportValve.java:83) ~[tomcat-embed-core-10.1.55.jar:10.1.55]
	at org.apache.catalina.core.StandardEngineValve.invoke(StandardEngineValve.java:72) ~[tomcat-embed-core-10.1.55.jar:10.1.55]
	at org.apache.catalina.connector.CoyoteAdapter.service(CoyoteAdapter.java:342) ~[tomcat-embed-core-10.1.55.jar:10.1.55]
	at org.apache.coyote.http11.Http11Processor.service(Http11Processor.java:399) ~[tomcat-embed-core-10.1.55.jar:10.1.55]
	at org.apache.coyote.AbstractProcessorLight.process(AbstractProcessorLight.java:63) ~[tomcat-embed-core-10.1.55.jar:10.1.55]
	at org.apache.coyote.AbstractProtocol$ConnectionHandler.process(AbstractProtocol.java:1272) ~[tomcat-embed-core-10.1.55.jar:10.1.55]
	at org.apache.tomcat.util.net.NioEndpoint$SocketProcessor.doRun(NioEndpoint.java:1797) ~[tomcat-embed-core-10.1.55.jar:10.1.55]
	at org.apache.tomcat.util.net.SocketProcessorBase.run(SocketProcessorBase.java:52) ~[tomcat-embed-core-10.1.55.jar:10.1.55]
	at org.apache.tomcat.util.threads.ThreadPoolExecutor.runWorker(ThreadPoolExecutor.java:973) ~[tomcat-embed-core-10.1.55.jar:10.1.55]
	at org.apache.tomcat.util.threads.ThreadPoolExecutor$Worker.run(ThreadPoolExecutor.java:491) ~[tomcat-embed-core-10.1.55.jar:10.1.55]
	at org.apache.tomcat.util.threads.TaskThread$WrappingRunnable.run(TaskThread.java:63) ~[tomcat-embed-core-10.1.55.jar:10.1.55]
	at java.base/java.lang.Thread.run(Thread.java:1583) ~[na:na]

2026-06-18T12:32:27.142+09:00  INFO 2208 --- [ch04] [File Watcher] rtingClassPathChangeChangedEventListener : Restarting due to 6 class path changes (0 additions, 0 deletions, 6 modifications)
2026-06-18T12:32:27.146+09:00  INFO 2208 --- [ch04] [Thread-5] o.s.b.w.e.tomcat.GracefulShutdown        : Commencing graceful shutdown. Waiting for active requests to complete
2026-06-18T12:32:27.149+09:00  INFO 2208 --- [ch04] [tomcat-shutdown] o.s.b.w.e.tomcat.GracefulShutdown        : Graceful shutdown complete
2026-06-18T12:32:27.232+09:00  INFO 2208 --- [ch04] [restartedMain] org.example.ch04.Ch04Application         : Starting Ch04Application using Java 21.0.11 with PID 2208 (C:\Users\GGG\Desktop\Workspace\spirng\ch04\build\classes\java\main started by GGG in C:\Users\GGG\Desktop\Workspace\spirng\ch04)
2026-06-18T12:32:27.232+09:00  INFO 2208 --- [ch04] [restartedMain] org.example.ch04.Ch04Application         : No active profile set, falling back to 1 default profile: "default"
2026-06-18T12:32:27.490+09:00  INFO 2208 --- [ch04] [restartedMain] o.s.b.w.embedded.tomcat.TomcatWebServer  : Tomcat initialized with port 8080 (http)
2026-06-18T12:32:27.491+09:00  INFO 2208 --- [ch04] [restartedMain] o.apache.catalina.core.StandardService   : Starting service [Tomcat]
2026-06-18T12:32:27.491+09:00  INFO 2208 --- [ch04] [restartedMain] o.apache.catalina.core.StandardEngine    : Starting Servlet engine: [Apache Tomcat/10.1.55]
2026-06-18T12:32:27.508+09:00  INFO 2208 --- [ch04] [restartedMain] o.a.c.c.C.[Tomcat].[localhost].[/ch04]   : Initializing Spring embedded WebApplicationContext
2026-06-18T12:32:27.508+09:00  INFO 2208 --- [ch04] [restartedMain] w.s.c.ServletWebServerApplicationContext : Root WebApplicationContext: initialization completed in 273 ms
2026-06-18T12:32:27.564+09:00  INFO 2208 --- [ch04] [restartedMain] o.s.b.a.w.s.WelcomePageHandlerMapping    : Adding welcome page template: index
2026-06-18T12:32:27.630+09:00  INFO 2208 --- [ch04] [restartedMain] o.s.b.d.a.OptionalLiveReloadServer       : LiveReload server is running on port 35729
2026-06-18T12:32:27.639+09:00  INFO 2208 --- [ch04] [restartedMain] o.s.b.w.embedded.tomcat.TomcatWebServer  : Tomcat started on port 8080 (http) with context path '/ch04'
2026-06-18T12:32:27.641+09:00  INFO 2208 --- [ch04] [restartedMain] org.example.ch04.Ch04Application         : Started Ch04Application in 0.44 seconds (process running for 212.943)
2026-06-18T12:32:27.643+09:00  INFO 2208 --- [ch04] [restartedMain] .ConditionEvaluationDeltaLoggingListener : Condition evaluation unchanged
2026-06-18T12:32:27.860+09:00  INFO 2208 --- [ch04] [http-nio-8080-exec-1] o.a.c.c.C.[Tomcat].[localhost].[/ch04]   : Initializing Spring DispatcherServlet 'dispatcherServlet'
2026-06-18T12:32:27.860+09:00  INFO 2208 --- [ch04] [http-nio-8080-exec-1] o.s.web.servlet.DispatcherServlet        : Initializing Servlet 'dispatcherServlet'
2026-06-18T12:32:27.861+09:00  INFO 2208 --- [ch04] [http-nio-8080-exec-1] o.s.web.servlet.DispatcherServlet        : Completed initialization in 1 ms
2026-06-18T12:32:27.862+09:00  INFO 2208 --- [ch04] [http-nio-8080-exec-1] com.zaxxer.hikari.HikariDataSource       : HikariPool-2 - Starting...
2026-06-18T12:32:28.874+09:00 ERROR 2208 --- [ch04] [http-nio-8080-exec-1] o.a.c.c.C.[.[.[.[dispatcherServlet]      : Servlet.service() for servlet [dispatcherServlet] in context with path [/ch04] threw exception [Request processing failed: org.mybatis.spring.MyBatisSystemException: 
### Error querying database.  Cause: org.springframework.jdbc.CannotGetJdbcConnectionException: Failed to obtain JDBC Connection
### The error may exist in file [C:\Users\GGG\Desktop\Workspace\spirng\ch04\build\resources\main\mappers\user1.xml]
### The error may involve org.example.ch04.dao.User1DAO.selectAll
### The error occurred while executing a query
### Cause: org.springframework.jdbc.CannotGetJdbcConnectionException: Failed to obtain JDBC Connection] with root cause

java.sql.SQLException: Access denied for user 'spirometry'@'localhost' (using password: YES)
	at com.mysql.cj.jdbc.exceptions.SQLError.createSQLException(SQLError.java:121) ~[mysql-connector-j-9.7.0.jar:9.7.0]
	at com.mysql.cj.jdbc.exceptions.SQLExceptionsMapping.translateException(SQLExceptionsMapping.java:114) ~[mysql-connector-j-9.7.0.jar:9.7.0]
	at com.mysql.cj.jdbc.ConnectionImpl.createNewIO(ConnectionImpl.java:840) ~[mysql-connector-j-9.7.0.jar:9.7.0]
	at com.mysql.cj.jdbc.ConnectionImpl.<init>(ConnectionImpl.java:416) ~[mysql-connector-j-9.7.0.jar:9.7.0]
	at com.mysql.cj.jdbc.ConnectionImpl.getInstance(ConnectionImpl.java:237) ~[mysql-connector-j-9.7.0.jar:9.7.0]
	at com.mysql.cj.jdbc.NonRegisteringDriver.connect(NonRegisteringDriver.java:180) ~[mysql-connector-j-9.7.0.jar:9.7.0]
	at com.zaxxer.hikari.util.DriverDataSource.getConnection(DriverDataSource.java:144) ~[HikariCP-6.3.3.jar:na]
	at com.zaxxer.hikari.pool.PoolBase.newConnection(PoolBase.java:370) ~[HikariCP-6.3.3.jar:na]
	at com.zaxxer.hikari.pool.PoolBase.newPoolEntry(PoolBase.java:207) ~[HikariCP-6.3.3.jar:na]
	at com.zaxxer.hikari.pool.HikariPool.createPoolEntry(HikariPool.java:488) ~[HikariCP-6.3.3.jar:na]
	at com.zaxxer.hikari.pool.HikariPool.checkFailFast(HikariPool.java:576) ~[HikariCP-6.3.3.jar:na]
	at com.zaxxer.hikari.pool.HikariPool.<init>(HikariPool.java:97) ~[HikariCP-6.3.3.jar:na]
	at com.zaxxer.hikari.HikariDataSource.getConnection(HikariDataSource.java:111) ~[HikariCP-6.3.3.jar:na]
	at org.springframework.jdbc.datasource.DataSourceUtils.fetchConnection(DataSourceUtils.java:160) ~[spring-jdbc-6.2.19.jar:6.2.19]
	at org.springframework.jdbc.datasource.DataSourceUtils.doGetConnection(DataSourceUtils.java:118) ~[spring-jdbc-6.2.19.jar:6.2.19]
	at org.springframework.jdbc.datasource.DataSourceUtils.getConnection(DataSourceUtils.java:81) ~[spring-jdbc-6.2.19.jar:6.2.19]
	at org.mybatis.spring.transaction.SpringManagedTransaction.openConnection(SpringManagedTransaction.java:77) ~[mybatis-spring-3.0.5.jar:3.0.5]
	at org.mybatis.spring.transaction.SpringManagedTransaction.getConnection(SpringManagedTransaction.java:64) ~[mybatis-spring-3.0.5.jar:3.0.5]
	at org.apache.ibatis.executor.BaseExecutor.getConnection(BaseExecutor.java:348) ~[mybatis-3.5.19.jar:3.5.19]
	at org.apache.ibatis.executor.SimpleExecutor.prepareStatement(SimpleExecutor.java:89) ~[mybatis-3.5.19.jar:3.5.19]
	at org.apache.ibatis.executor.SimpleExecutor.doQuery(SimpleExecutor.java:64) ~[mybatis-3.5.19.jar:3.5.19]
	at org.apache.ibatis.executor.BaseExecutor.queryFromDatabase(BaseExecutor.java:336) ~[mybatis-3.5.19.jar:3.5.19]
	at org.apache.ibatis.executor.BaseExecutor.query(BaseExecutor.java:158) ~[mybatis-3.5.19.jar:3.5.19]
	at org.apache.ibatis.executor.CachingExecutor.query(CachingExecutor.java:110) ~[mybatis-3.5.19.jar:3.5.19]
	at org.apache.ibatis.executor.CachingExecutor.query(CachingExecutor.java:90) ~[mybatis-3.5.19.jar:3.5.19]
	at org.apache.ibatis.session.defaults.DefaultSqlSession.selectList(DefaultSqlSession.java:154) ~[mybatis-3.5.19.jar:3.5.19]
	at org.apache.ibatis.session.defaults.DefaultSqlSession.selectList(DefaultSqlSession.java:147) ~[mybatis-3.5.19.jar:3.5.19]
	at org.apache.ibatis.session.defaults.DefaultSqlSession.selectList(DefaultSqlSession.java:142) ~[mybatis-3.5.19.jar:3.5.19]
	at java.base/jdk.internal.reflect.DirectMethodHandleAccessor.invoke(DirectMethodHandleAccessor.java:103) ~[na:na]
	at java.base/java.lang.reflect.Method.invoke(Method.java:580) ~[na:na]
	at org.mybatis.spring.SqlSessionTemplate$SqlSessionInterceptor.invoke(SqlSessionTemplate.java:333) ~[mybatis-spring-3.0.5.jar:3.0.5]
	at jdk.proxy2/jdk.proxy2.$Proxy68.selectList(Unknown Source) ~[na:na]
	at org.mybatis.spring.SqlSessionTemplate.selectList(SqlSessionTemplate.java:194) ~[mybatis-spring-3.0.5.jar:3.0.5]
	at org.apache.ibatis.binding.MapperMethod.executeForMany(MapperMethod.java:147) ~[mybatis-3.5.19.jar:3.5.19]
	at org.apache.ibatis.binding.MapperMethod.execute(MapperMethod.java:80) ~[mybatis-3.5.19.jar:3.5.19]
	at org.apache.ibatis.binding.MapperProxy$PlainMethodInvoker.invoke(MapperProxy.java:141) ~[mybatis-3.5.19.jar:3.5.19]
	at org.apache.ibatis.binding.MapperProxy.invoke(MapperProxy.java:86) ~[mybatis-3.5.19.jar:3.5.19]
	at jdk.proxy4/jdk.proxy4.$Proxy77.selectAll(Unknown Source) ~[na:na]
	at java.base/jdk.internal.reflect.DirectMethodHandleAccessor.invoke(DirectMethodHandleAccessor.java:103) ~[na:na]
	at java.base/java.lang.reflect.Method.invoke(Method.java:580) ~[na:na]
	at org.springframework.aop.support.AopUtils.invokeJoinpointUsingReflection(AopUtils.java:360) ~[spring-aop-6.2.19.jar:6.2.19]
	at org.springframework.aop.framework.ReflectiveMethodInvocation.invokeJoinpoint(ReflectiveMethodInvocation.java:196) ~[spring-aop-6.2.19.jar:6.2.19]
	at org.springframework.aop.framework.ReflectiveMethodInvocation.proceed(ReflectiveMethodInvocation.java:163) ~[spring-aop-6.2.19.jar:6.2.19]
	at org.springframework.dao.support.PersistenceExceptionTranslationInterceptor.invoke(PersistenceExceptionTranslationInterceptor.java:138) ~[spring-tx-6.2.19.jar:6.2.19]
	at org.springframework.aop.framework.ReflectiveMethodInvocation.proceed(ReflectiveMethodInvocation.java:184) ~[spring-aop-6.2.19.jar:6.2.19]
	at org.springframework.aop.framework.JdkDynamicAopProxy.invoke(JdkDynamicAopProxy.java:223) ~[spring-aop-6.2.19.jar:6.2.19]
	at jdk.proxy4/jdk.proxy4.$Proxy78.selectAll(Unknown Source) ~[na:na]
	at org.example.ch04.service.User1Service.getAll(User1Service.java:28) ~[main/:na]
	at org.example.ch04.controller.User1Controller.list(User1Controller.java:47) ~[main/:na]
	at java.base/jdk.internal.reflect.DirectMethodHandleAccessor.invoke(DirectMethodHandleAccessor.java:103) ~[na:na]
	at java.base/java.lang.reflect.Method.invoke(Method.java:580) ~[na:na]
	at org.springframework.web.method.support.InvocableHandlerMethod.doInvoke(InvocableHandlerMethod.java:258) ~[spring-web-6.2.19.jar:6.2.19]
	at org.springframework.web.method.support.InvocableHandlerMethod.invokeForRequest(InvocableHandlerMethod.java:191) ~[spring-web-6.2.19.jar:6.2.19]
	at org.springframework.web.servlet.mvc.method.annotation.ServletInvocableHandlerMethod.invokeAndHandle(ServletInvocableHandlerMethod.java:118) ~[spring-webmvc-6.2.19.jar:6.2.19]
	at org.springframework.web.servlet.mvc.method.annotation.RequestMappingHandlerAdapter.invokeHandlerMethod(RequestMappingHandlerAdapter.java:991) ~[spring-webmvc-6.2.19.jar:6.2.19]
	at org.springframework.web.servlet.mvc.method.annotation.RequestMappingHandlerAdapter.handleInternal(RequestMappingHandlerAdapter.java:896) ~[spring-webmvc-6.2.19.jar:6.2.19]
	at org.springframework.web.servlet.mvc.method.AbstractHandlerMethodAdapter.handle(AbstractHandlerMethodAdapter.java:87) ~[spring-webmvc-6.2.19.jar:6.2.19]
	at org.springframework.web.servlet.DispatcherServlet.doDispatch(DispatcherServlet.java:1089) ~[spring-webmvc-6.2.19.jar:6.2.19]
	at org.springframework.web.servlet.DispatcherServlet.doService(DispatcherServlet.java:979) ~[spring-webmvc-6.2.19.jar:6.2.19]
	at org.springframework.web.servlet.FrameworkServlet.processRequest(FrameworkServlet.java:1014) ~[spring-webmvc-6.2.19.jar:6.2.19]
	at org.springframework.web.servlet.FrameworkServlet.doGet(FrameworkServlet.java:903) ~[spring-webmvc-6.2.19.jar:6.2.19]
	at jakarta.servlet.http.HttpServlet.service(HttpServlet.java:564) ~[tomcat-embed-core-10.1.55.jar:6.0]
	at org.springframework.web.servlet.FrameworkServlet.service(FrameworkServlet.java:885) ~[spring-webmvc-6.2.19.jar:6.2.19]
	at jakarta.servlet.http.HttpServlet.service(HttpServlet.java:658) ~[tomcat-embed-core-10.1.55.jar:6.0]
	at org.apache.catalina.core.ApplicationFilterChain.internalDoFilter(ApplicationFilterChain.java:193) ~[tomcat-embed-core-10.1.55.jar:10.1.55]
	at org.apache.catalina.core.ApplicationFilterChain.doFilter(ApplicationFilterChain.java:138) ~[tomcat-embed-core-10.1.55.jar:10.1.55]
	at org.apache.tomcat.websocket.server.WsFilter.doFilter(WsFilter.java:51) ~[tomcat-embed-websocket-10.1.55.jar:10.1.55]
	at org.apache.catalina.core.ApplicationFilterChain.internalDoFilter(ApplicationFilterChain.java:162) ~[tomcat-embed-core-10.1.55.jar:10.1.55]
	at org.apache.catalina.core.ApplicationFilterChain.doFilter(ApplicationFilterChain.java:138) ~[tomcat-embed-core-10.1.55.jar:10.1.55]
	at org.springframework.web.filter.RequestContextFilter.doFilterInternal(RequestContextFilter.java:100) ~[spring-web-6.2.19.jar:6.2.19]
	at org.springframework.web.filter.OncePerRequestFilter.doFilter(OncePerRequestFilter.java:116) ~[spring-web-6.2.19.jar:6.2.19]
	at org.apache.catalina.core.ApplicationFilterChain.internalDoFilter(ApplicationFilterChain.java:162) ~[tomcat-embed-core-10.1.55.jar:10.1.55]
	at org.apache.catalina.core.ApplicationFilterChain.doFilter(ApplicationFilterChain.java:138) ~[tomcat-embed-core-10.1.55.jar:10.1.55]
	at org.springframework.web.filter.FormContentFilter.doFilterInternal(FormContentFilter.java:93) ~[spring-web-6.2.19.jar:6.2.19]
	at org.springframework.web.filter.OncePerRequestFilter.doFilter(OncePerRequestFilter.java:116) ~[spring-web-6.2.19.jar:6.2.19]
	at org.apache.catalina.core.ApplicationFilterChain.internalDoFilter(ApplicationFilterChain.java:162) ~[tomcat-embed-core-10.1.55.jar:10.1.55]
	at org.apache.catalina.core.ApplicationFilterChain.doFilter(ApplicationFilterChain.java:138) ~[tomcat-embed-core-10.1.55.jar:10.1.55]
	at org.springframework.web.filter.CharacterEncodingFilter.doFilterInternal(CharacterEncodingFilter.java:201) ~[spring-web-6.2.19.jar:6.2.19]
	at org.springframework.web.filter.OncePerRequestFilter.doFilter(OncePerRequestFilter.java:116) ~[spring-web-6.2.19.jar:6.2.19]
	at org.apache.catalina.core.ApplicationFilterChain.internalDoFilter(ApplicationFilterChain.java:162) ~[tomcat-embed-core-10.1.55.jar:10.1.55]
	at org.apache.catalina.core.ApplicationFilterChain.doFilter(ApplicationFilterChain.java:138) ~[tomcat-embed-core-10.1.55.jar:10.1.55]
	at org.apache.catalina.core.StandardWrapperValve.invoke(StandardWrapperValve.java:165) ~[tomcat-embed-core-10.1.55.jar:10.1.55]
	at org.apache.catalina.core.StandardContextValve.invoke(StandardContextValve.java:88) ~[tomcat-embed-core-10.1.55.jar:10.1.55]
	at org.apache.catalina.authenticator.AuthenticatorBase.invoke(AuthenticatorBase.java:492) ~[tomcat-embed-core-10.1.55.jar:10.1.55]
	at org.apache.catalina.core.StandardHostValve.invoke(StandardHostValve.java:113) ~[tomcat-embed-core-10.1.55.jar:10.1.55]
	at org.apache.catalina.valves.ErrorReportValve.invoke(ErrorReportValve.java:83) ~[tomcat-embed-core-10.1.55.jar:10.1.55]
	at org.apache.catalina.core.StandardEngineValve.invoke(StandardEngineValve.java:72) ~[tomcat-embed-core-10.1.55.jar:10.1.55]
	at org.apache.catalina.connector.CoyoteAdapter.service(CoyoteAdapter.java:342) ~[tomcat-embed-core-10.1.55.jar:10.1.55]
	at org.apache.coyote.http11.Http11Processor.service(Http11Processor.java:399) ~[tomcat-embed-core-10.1.55.jar:10.1.55]
	at org.apache.coyote.AbstractProcessorLight.process(AbstractProcessorLight.java:63) ~[tomcat-embed-core-10.1.55.jar:10.1.55]
	at org.apache.coyote.AbstractProtocol$ConnectionHandler.process(AbstractProtocol.java:1272) ~[tomcat-embed-core-10.1.55.jar:10.1.55]
	at org.apache.tomcat.util.net.NioEndpoint$SocketProcessor.doRun(NioEndpoint.java:1797) ~[tomcat-embed-core-10.1.55.jar:10.1.55]
	at org.apache.tomcat.util.net.SocketProcessorBase.run(SocketProcessorBase.java:52) ~[tomcat-embed-core-10.1.55.jar:10.1.55]
	at org.apache.tomcat.util.threads.ThreadPoolExecutor.runWorker(ThreadPoolExecutor.java:973) ~[tomcat-embed-core-10.1.55.jar:10.1.55]
	at org.apache.tomcat.util.threads.ThreadPoolExecutor$Worker.run(ThreadPoolExecutor.java:491) ~[tomcat-embed-core-10.1.55.jar:10.1.55]
	at org.apache.tomcat.util.threads.TaskThread$WrappingRunnable.run(TaskThread.java:63) ~[tomcat-embed-core-10.1.55.jar:10.1.55]
	at java.base/java.lang.Thread.run(Thread.java:1583) ~[na:na]

2026-06-18T12:32:35.026+09:00  INFO 2208 --- [ch04] [SpringApplicationShutdownHook] o.s.b.w.e.tomcat.GracefulShutdown        : Commencing graceful shutdown. Waiting for active requests to complete
2026-06-18T12:32:35.030+09:00  INFO 2208 --- [ch04] [tomcat-shutdown] o.s.b.w.e.tomcat.GracefulShutdown        : Graceful shutdown complete
2026-06-18T12:32:36.873+09:00  INFO 13852 --- [ch04] [restartedMain] org.example.ch04.Ch04Application         : Starting Ch04Application using Java 21.0.11 with PID 13852 (C:\Users\GGG\Desktop\Workspace\spirng\ch04\build\classes\java\main started by GGG in C:\Users\GGG\Desktop\Workspace\spirng\ch04)
2026-06-18T12:32:36.875+09:00  INFO 13852 --- [ch04] [restartedMain] org.example.ch04.Ch04Application         : No active profile set, falling back to 1 default profile: "default"
2026-06-18T12:32:36.913+09:00  INFO 13852 --- [ch04] [restartedMain] .e.DevToolsPropertyDefaultsPostProcessor : Devtools property defaults active! Set 'spring.devtools.add-properties' to 'false' to disable
2026-06-18T12:32:36.913+09:00  INFO 13852 --- [ch04] [restartedMain] .e.DevToolsPropertyDefaultsPostProcessor : For additional web related logging consider setting the 'logging.level.web' property to 'DEBUG'
2026-06-18T12:32:37.790+09:00  INFO 13852 --- [ch04] [restartedMain] o.s.b.w.embedded.tomcat.TomcatWebServer  : Tomcat initialized with port 8080 (http)
2026-06-18T12:32:37.803+09:00  INFO 13852 --- [ch04] [restartedMain] o.apache.catalina.core.StandardService   : Starting service [Tomcat]
2026-06-18T12:32:37.804+09:00  INFO 13852 --- [ch04] [restartedMain] o.apache.catalina.core.StandardEngine    : Starting Servlet engine: [Apache Tomcat/10.1.55]
2026-06-18T12:32:37.841+09:00  INFO 13852 --- [ch04] [restartedMain] o.a.c.c.C.[Tomcat].[localhost].[/ch04]   : Initializing Spring embedded WebApplicationContext
2026-06-18T12:32:37.842+09:00  INFO 13852 --- [ch04] [restartedMain] w.s.c.ServletWebServerApplicationContext : Root WebApplicationContext: initialization completed in 929 ms
2026-06-18T12:32:38.093+09:00  INFO 13852 --- [ch04] [restartedMain] o.s.b.a.w.s.WelcomePageHandlerMapping    : Adding welcome page template: index
2026-06-18T12:32:38.341+09:00  INFO 13852 --- [ch04] [restartedMain] o.s.b.d.a.OptionalLiveReloadServer       : LiveReload server is running on port 35729
2026-06-18T12:32:38.367+09:00  INFO 13852 --- [ch04] [restartedMain] o.s.b.w.embedded.tomcat.TomcatWebServer  : Tomcat started on port 8080 (http) with context path '/ch04'
2026-06-18T12:32:38.375+09:00  INFO 13852 --- [ch04] [restartedMain] org.example.ch04.Ch04Application         : Started Ch04Application in 1.901 seconds (process running for 2.412)
2026-06-18T12:32:41.431+09:00  INFO 13852 --- [ch04] [http-nio-8080-exec-1] o.a.c.c.C.[Tomcat].[localhost].[/ch04]   : Initializing Spring DispatcherServlet 'dispatcherServlet'
2026-06-18T12:32:41.431+09:00  INFO 13852 --- [ch04] [http-nio-8080-exec-1] o.s.web.servlet.DispatcherServlet        : Initializing Servlet 'dispatcherServlet'
2026-06-18T12:32:41.432+09:00  INFO 13852 --- [ch04] [http-nio-8080-exec-1] o.s.web.servlet.DispatcherServlet        : Completed initialization in 1 ms
2026-06-18T12:32:41.480+09:00  INFO 13852 --- [ch04] [http-nio-8080-exec-1] com.zaxxer.hikari.HikariDataSource       : HikariPool-1 - Starting...
2026-06-18T12:32:41.765+09:00  INFO 13852 --- [ch04] [http-nio-8080-exec-1] com.zaxxer.hikari.pool.HikariPool        : HikariPool-1 - Added connection com.mysql.cj.jdbc.ConnectionImpl@198827f0
2026-06-18T12:32:41.767+09:00  INFO 13852 --- [ch04] [http-nio-8080-exec-1] com.zaxxer.hikari.HikariDataSource       : HikariPool-1 - Start completed.
2026-06-18T12:32:45.423+09:00  INFO 13852 --- [ch04] [http-nio-8080-exec-4] o.e.ch04.controller.User1Controller      : d101
2026-06-18T13:51:01.082+09:00  INFO 13852 --- [ch04] [http-nio-8080-exec-2] o.e.ch04.controller.User1Controller      : chhak2130
2026-06-18T17:36:49.348+09:00  INFO 13852 --- [ch04] [SpringApplicationShutdownHook] o.s.b.w.e.tomcat.GracefulShutdown        : Commencing graceful shutdown. Waiting for active requests to complete
2026-06-18T17:36:49.359+09:00  INFO 13852 --- [ch04] [tomcat-shutdown] o.s.b.w.e.tomcat.GracefulShutdown        : Graceful shutdown complete
2026-06-18T17:36:49.373+09:00  INFO 13852 --- [ch04] [SpringApplicationShutdownHook] com.zaxxer.hikari.HikariDataSource       : HikariPool-1 - Shutdown initiated...
2026-06-18T17:36:49.379+09:00  INFO 13852 --- [ch04] [SpringApplicationShutdownHook] com.zaxxer.hikari.HikariDataSource       : HikariPool-1 - Shutdown completed.
